GNavigatorAndroid/proguard/mapping.txt
com.pstreets.navigator.GNavigatorActivity -> com.pstreets.navigator.GNavigatorActivity:
    com.pstreets.navigator.GuidebeeMapView guidebeeMapView -> a
    android.content.res.Resources res -> b
    com.pstreets.navigator.location.LocationService locationService -> c
    com.pstreets.navigator.database.PersistentFacade persistentFacade -> d
    android.os.Handler handler -> e
    android.graphics.Bitmap imageRedNumbers -> f
    android.graphics.Bitmap imageGreenNumbers -> g
    android.graphics.Bitmap imageBlueNumbers -> h
    android.graphics.Bitmap imageBlueLocation -> i
    android.graphics.Bitmap imageGreyLocation -> j
    android.graphics.Bitmap imageDeviceStatus -> k
    int reverseSearchMode -> n
    com.pstreets.navigator.sms.DeviceMessageProcessor deviceMessageProcessor -> o
    void onCreate(android.os.Bundle) -> onCreate
    void onResume() -> onResume
    void onPause() -> onPause
    void onDestroy() -> onDestroy
    boolean onCreateOptionsMenu(android.view.Menu) -> onCreateOptionsMenu
    boolean onOptionsItemSelected(android.view.MenuItem) -> onOptionsItemSelected
    boolean onContextItemSelected(android.view.MenuItem) -> onContextItemSelected
    void onCreateContextMenu(android.view.ContextMenu,android.view.View,android.view.ContextMenu$ContextMenuInfo) -> onCreateContextMenu
    void onBackPressed() -> onBackPressed
    android.app.Dialog onCreateDialog(int) -> onCreateDialog
com.pstreets.navigator.GNavigatorActivity$1 -> com.pstreets.navigator.a:
    com.pstreets.navigator.GNavigatorActivity this$0 -> a
    void onClick(android.content.DialogInterface,int) -> onClick
com.pstreets.navigator.GNavigatorActivity$2 -> com.pstreets.navigator.b:
    com.pstreets.navigator.GNavigatorActivity this$0 -> a
    com.mapdigit.gis.MapPoint[] val$result -> b
    void run() -> run
com.pstreets.navigator.GNavigatorActivity$3 -> com.pstreets.navigator.c:
    com.pstreets.navigator.GNavigatorActivity this$0 -> a
    void run() -> run
com.pstreets.navigator.GNavigatorActivity$InitMapTask -> com.pstreets.navigator.d:
    com.pstreets.navigator.GNavigatorActivity this$0 -> a
    java.lang.Object doInBackground(java.lang.Object[]) -> doInBackground
com.pstreets.navigator.GuidebeeMapView -> com.pstreets.navigator.e:
    int offsetX -> e
    int offsetY -> f
    com.pstreets.navigator.GNavigatorActivity mapActivity -> a
    android.graphics.Paint p -> b
    boolean isPan -> g
    float oldX -> h
    float oldY -> i
    com.pstreets.navigator.Toolbar toolbar -> j
    com.pstreets.navigator.GuidebeeMapView$OverLayMapLayer mapLayer -> k
    int imageWidth -> l
    android.graphics.Bitmap downloadImage -> m
    java.lang.Runnable updateMapCanvas -> c
    android.graphics.Paint mPaint -> d
    boolean onKeyDown(int,android.view.KeyEvent) -> onKeyDown
    void setIconVisible(int,boolean) -> a
    boolean onTouchEvent(android.view.MotionEvent) -> onTouchEvent
    void onDraw(android.graphics.Canvas) -> onDraw
    void initGuidebeeMap() -> b
    void done() -> a
    void access$0(com.pstreets.navigator.GuidebeeMapView,int) -> a
    int access$1(com.pstreets.navigator.GuidebeeMapView) -> a
com.pstreets.navigator.GuidebeeMapView$OverLayMapLayer -> com.pstreets.navigator.f:
    com.pstreets.navigator.GuidebeeMapView this$0 -> a
    void paint(com.mapdigit.gis.drawing.IGraphics,int,int) -> a
    void drawDeviceList(android.graphics.Canvas) -> a
    void drawBlueNumber(int,android.graphics.Canvas,com.mapdigit.gis.geometry.GeoLatLng) -> a
...
com.mapdigit.gis.service.google.GReverseClientGeocoder -> com.b.d.d.b.h:
    java.util.Hashtable addressCache -> a
    java.lang.String searchAddress -> b
    com.mapdigit.gis.service.IReverseGeocodingListener listener -> c
    com.mapdigit.gis.service.google.GReverseClientGeocoder$ReverseAddressQuery reverseAddressQuery -> d
    java.lang.String queryKey -> e
    boolean isChina -> f
    void getLocations(int,java.lang.String,com.mapdigit.gis.service.IReverseGeocodingListener) -> a
    boolean access$0(com.mapdigit.gis.service.google.GReverseClientGeocoder) -> a
com.mapdigit.gis.service.google.GReverseClientGeocoder$ReverseAddressQuery -> com.b.d.d.b.i:
    com.mapdigit.gis.service.google.GReverseClientGeocoder this$0 -> a
    void readProgress$52a31831(java.lang.Object) -> a
    void done(java.lang.Object,com.mapdigit.ajax.Response) -> a
com.mapdigit.gis.service.google.GoogleMapService -> com.b.d.d.b.j:
    boolean usingJson -> k
    byte[] CHINESE_FULL_NAME_ARRAY -> s
    java.lang.String CHINESE_FULL_NAME -> l
    java.util.Hashtable MAP_SERVICES_URLS -> m
    int VERSION -> n
    com.mapdigit.gis.service.google.MapServiceUrlQuery mapServiceUrlQuery -> o
    java.lang.String QUERY_URL -> p
    java.lang.Object syncObject -> q
    java.util.Hashtable MAP_SERVICE_URLS -> r
    com.mapdigit.rms.RecordStore mapDataRecordStore -> t
    java.lang.String getGoogleKey() -> c
    byte[] toByteArray(java.lang.String,java.lang.String) -> a
    void saveMapServiceUrls() -> d
    java.lang.String getMapServiceURL(java.lang.String) -> b
com.mapdigit.gis.service.google.MapServiceUrlQuery -> com.b.d.d.b.k:
    void readProgress$52a31831(java.lang.Object) -> a
    void done(java.lang.Object,com.mapdigit.ajax.Response) -> a
com.mapdigit.gis.service.mapabc.MClientGeocoder -> com.b.d.d.c.a:
    java.util.Hashtable addressCache -> a
    java.lang.String searchAddress -> b
    com.mapdigit.gis.service.IGeocodingListener listener -> c
    com.mapdigit.gis.service.mapabc.MClientGeocoder$AddressQuery addressQuery -> d
    java.lang.String queryKey -> e
    void getLocations(int,java.lang.String,com.mapdigit.gis.service.IGeocodingListener) -> a
    com.mapdigit.gis.service.IGeocodingListener access$0(com.mapdigit.gis.service.mapabc.MClientGeocoder) -> a
    java.lang.String access$1(com.mapdigit.gis.service.mapabc.MClientGeocoder) -> b
    java.util.Hashtable access$2(com.mapdigit.gis.service.mapabc.MClientGeocoder) -> c
com.mapdigit.gis.service.mapabc.MClientGeocoder$AddressQuery -> com.b.d.d.c.b:
    com.mapdigit.gis.service.mapabc.MClientGeocoder this$0 -> a
    void readProgress$52a31831(java.lang.Object) -> a
    void done(java.lang.Object,com.mapdigit.ajax.Response) -> a